<?xml version="1.0" encoding="UTF-8"?>
<!-- Generated by org.testng.reporters.JUnitReportReporter -->
<testsuite hostname="DESKTOP-1GKMQE3" failures="0" tests="2" name="com.newtutorial.qa.testcases.Login" time="5.369" errors="0" timestamp="2024-12-15T01:20:54 IST" skipped="0">
  <testcase classname="com.newtutorial.qa.testcases.Login" name="verifyLoginWithValidCredentials" time="2.904"/>
  <testcase classname="com.newtutorial.qa.testcases.Login" name="verifyLoginWithInValidCredentials" time="2.465"/>
</testsuite> <!-- com.newtutorial.qa.testcases.Login -->
