<?xml version="1.0" encoding="UTF-8"?>
<!-- Generated by org.testng.reporters.JUnitReportReporter -->
<testsuite hostname="DESKTOP-1GKMQE3" failures="0" tests="1" name="com.qatools.qa.testcases.CheckBoxTest" time="7.608" errors="0" timestamp="2024-12-28T01:00:42 IST" skipped="0">
  <testcase classname="com.qatools.qa.testcases.CheckBoxTest" name="verifyCheckBox" time="7.608"/>
</testsuite> <!-- com.qatools.qa.testcases.CheckBoxTest -->
