<?xml version="1.0" encoding="UTF-8"?>
<!-- Generated by org.testng.reporters.JUnitReportReporter -->
<testsuite hostname="DESKTOP-1GKMQE3" failures="0" tests="1" name="com.newtutorial.qa.testcases.Test2" time="0.009" errors="0" timestamp="2024-12-15T00:49:31 IST" skipped="0">
  <testcase classname="com.newtutorial.qa.testcases.Test2" name="test" time="0.009"/>
</testsuite> <!-- com.newtutorial.qa.testcases.Test2 -->
