<?xml version="1.0" encoding="UTF-8"?>
<!-- Generated by org.testng.reporters.JUnitReportReporter -->
<testsuite hostname="DESKTOP-1GKMQE3" failures="0" tests="1" name="com.newtutorial.qa.testcases.Search" time="0.001" errors="0" timestamp="2024-12-15T01:20:54 IST" skipped="0">
  <testcase classname="com.newtutorial.qa.testcases.Search" name="search1" time="0.001"/>
</testsuite> <!-- com.newtutorial.qa.testcases.Search -->
