<?xml version="1.0" encoding="UTF-8"?>
<!-- Generated by org.testng.reporters.JUnitReportReporter -->
<testsuite hostname="DESKTOP-1GKMQE3" failures="0" tests="1" name="com.qatools.qa.testcases.test2" time="0.013" errors="0" timestamp="2024-12-15T16:47:16 IST" skipped="0">
  <testcase classname="com.qatools.qa.testcases.test2" name="tt" time="0.013"/>
</testsuite> <!-- com.qatools.qa.testcases.test2 -->
