<?xml version="1.0" encoding="UTF-8"?>
<!-- Generated by org.testng.reporters.JUnitReportReporter -->
<testsuite hostname="DESKTOP-1GKMQE3" failures="0" tests="1" name="com.qatools.qa.testcases.ElementPageTest" time="7.736" errors="0" timestamp="2024-12-28T02:38:57 IST" skipped="0">
  <testcase classname="com.qatools.qa.testcases.ElementPageTest" name="verifyElementsPage" time="7.736"/>
</testsuite> <!-- com.qatools.qa.testcases.ElementPageTest -->
